141 : 2018-10-17 18:32:34,752 : INFO : telemetry.main : Attempt start. Configuration directory [/home/byambatsogt/.azure].
141 : 2018-10-17 18:32:34,753 : INFO : telemetry.check : Positive: The /home/byambatsogt/.azure/telemetry.txt does not exist.
141 : 2018-10-17 18:32:34,753 : DEBUG : telemetry.note : acquiring lock
141 : 2018-10-17 18:32:34,753 : DEBUG : telemetry.note : acquired lock
141 : 2018-10-17 18:32:34,753 : INFO : telemetry.note : Update the note mtime to 2018-10-17 18:32:34.753512
141 : 2018-10-17 18:32:34,753 : WARNING : telemetry.note : Fail to parse or read the timestamp 'N/A' in the note file. Set the last send time to minimal. Reason: not readable
141 : 2018-10-17 18:32:34,753 : INFO : telemetry.records : No cache to be uploaded.
141 : 2018-10-17 18:32:34,753 : INFO : telemetry.client : Accumulated 0 events. Flush the clients.
141 : 2018-10-17 18:32:34,754 : INFO : telemetry.note : Update the last send in note to 0001-01-01 00:00:00
141 : 2018-10-17 18:32:34,754 : INFO : telemetry.note : Update the note mtime to 2018-10-17 18:32:34.754241
311 : 2018-10-17 18:43:51,416 : INFO : telemetry.main : Attempt start. Configuration directory [/home/byambatsogt/.azure].
311 : 2018-10-17 18:43:51,417 : INFO : telemetry.check : Returns Positive.
311 : 2018-10-17 18:43:51,417 : DEBUG : telemetry.note : acquiring lock
311 : 2018-10-17 18:43:51,417 : DEBUG : telemetry.note : acquired lock
311 : 2018-10-17 18:43:51,417 : INFO : telemetry.note : Update the note mtime to 2018-10-17 18:43:51.417723
311 : 2018-10-17 18:43:51,422 : WARNING : telemetry.note : Fail to parse or read the timestamp '1-01-01T00:00:00' in the note file. Set the last send time to minimal. Reason: time data '1-01-01T00:00:00' does not match format '%Y-%m-%dT%H:%M:%S'
311 : 2018-10-17 18:43:51,422 : INFO : telemetry.records : No cache to be uploaded.
311 : 2018-10-17 18:43:51,422 : INFO : telemetry.client : Accumulated 0 events. Flush the clients.
311 : 2018-10-17 18:43:51,423 : INFO : telemetry.note : Update the last send in note to 0001-01-01 00:00:00
311 : 2018-10-17 18:43:51,423 : INFO : telemetry.note : Update the note mtime to 2018-10-17 18:43:51.423137
363 : 2018-10-17 18:54:11,004 : INFO : telemetry.main : Attempt start. Configuration directory [/home/byambatsogt/.azure].
363 : 2018-10-17 18:54:11,004 : INFO : telemetry.check : Returns Positive.
363 : 2018-10-17 18:54:11,004 : DEBUG : telemetry.note : acquiring lock
363 : 2018-10-17 18:54:11,004 : DEBUG : telemetry.note : acquired lock
363 : 2018-10-17 18:54:11,005 : INFO : telemetry.note : Update the note mtime to 2018-10-17 18:54:11.004993
363 : 2018-10-17 18:54:11,007 : WARNING : telemetry.note : Fail to parse or read the timestamp '1-01-01T00:00:00' in the note file. Set the last send time to minimal. Reason: time data '1-01-01T00:00:00' does not match format '%Y-%m-%dT%H:%M:%S'
363 : 2018-10-17 18:54:11,008 : INFO : telemetry.records : No cache to be uploaded.
363 : 2018-10-17 18:54:11,008 : INFO : telemetry.client : Accumulated 0 events. Flush the clients.
363 : 2018-10-17 18:54:11,008 : INFO : telemetry.note : Update the last send in note to 0001-01-01 00:00:00
363 : 2018-10-17 18:54:11,008 : INFO : telemetry.note : Update the note mtime to 2018-10-17 18:54:11.008443
124 : 2018-10-18 00:14:30,656 : INFO : telemetry.main : Attempt start. Configuration directory [/home/byambatsogt/.azure].
124 : 2018-10-18 00:14:30,660 : INFO : telemetry.check : Returns Positive.
124 : 2018-10-18 00:14:30,660 : DEBUG : telemetry.note : acquiring lock
124 : 2018-10-18 00:14:30,660 : DEBUG : telemetry.note : acquired lock
124 : 2018-10-18 00:14:30,660 : INFO : telemetry.note : Update the note mtime to 2018-10-18 00:14:30.660584
124 : 2018-10-18 00:14:30,668 : WARNING : telemetry.note : Fail to parse or read the timestamp '1-01-01T00:00:00' in the note file. Set the last send time to minimal. Reason: time data '1-01-01T00:00:00' does not match format '%Y-%m-%dT%H:%M:%S'
124 : 2018-10-18 00:14:30,668 : INFO : telemetry.records : No cache to be uploaded.
124 : 2018-10-18 00:14:30,668 : INFO : telemetry.client : Accumulated 0 events. Flush the clients.
124 : 2018-10-18 00:14:30,668 : INFO : telemetry.note : Update the last send in note to 0001-01-01 00:00:00
124 : 2018-10-18 00:14:30,669 : INFO : telemetry.note : Update the note mtime to 2018-10-18 00:14:30.668996
124 : 2018-10-18 02:13:54,400 : INFO : telemetry.main : Attempt start. Configuration directory [/home/byambatsogt/.azure].
124 : 2018-10-18 02:13:54,404 : INFO : telemetry.check : Returns Positive.
124 : 2018-10-18 02:13:54,404 : DEBUG : telemetry.note : acquiring lock
124 : 2018-10-18 02:13:54,405 : DEBUG : telemetry.note : acquired lock
124 : 2018-10-18 02:13:54,405 : INFO : telemetry.note : Update the note mtime to 2018-10-18 02:13:54.405202
124 : 2018-10-18 02:13:54,425 : WARNING : telemetry.note : Fail to parse or read the timestamp '1-01-01T00:00:00' in the note file. Set the last send time to minimal. Reason: time data '1-01-01T00:00:00' does not match format '%Y-%m-%dT%H:%M:%S'
124 : 2018-10-18 02:13:54,425 : INFO : telemetry.records : No cache to be uploaded.
124 : 2018-10-18 02:13:54,425 : INFO : telemetry.client : Accumulated 0 events. Flush the clients.
124 : 2018-10-18 02:13:54,425 : INFO : telemetry.note : Update the last send in note to 0001-01-01 00:00:00
124 : 2018-10-18 02:13:54,426 : INFO : telemetry.note : Update the note mtime to 2018-10-18 02:13:54.426038
